2022-02-09 19:07:25,209 started
2022-02-09 19:07:25,209 Iteration Started
2022-02-09 19:07:25,212 Starting new HTTPS connection (1): api.binance.com:443
2022-02-09 19:07:25,692 https://api.binance.com:443 "GET /api/v3/klines?symbol=BTCUSDT&interval=1m&limit=100 HTTP/1.1" 200 5562
2022-02-09 19:07:25,694 EMA8 : 44174.40647556644\44180.91689715684, EMA21 : 44207.62723872569\44213.227962598256, PRICE : 44151.62
2022-02-09 19:07:25,694 Iteration Started
2022-02-09 19:07:25,696 Starting new HTTPS connection (1): api.binance.com:443
2022-02-09 19:07:26,101 https://api.binance.com:443 "GET /api/v3/klines?symbol=BTCUSDT&interval=1m&limit=100 HTTP/1.1" 200 5562
2022-02-09 19:07:26,101 EMA8 : 44174.40647556644\44180.91689715684, EMA21 : 44207.62723872569\44213.227962598256, PRICE : 44151.62
2022-02-09 19:07:26,101 Iteration Started
2022-02-09 19:07:26,116 Starting new HTTPS connection (1): api.binance.com:443
2022-02-09 19:07:26,815 https://api.binance.com:443 "GET /api/v3/klines?symbol=BTCUSDT&interval=1m&limit=100 HTTP/1.1" 200 5557
2022-02-09 19:07:26,817 EMA8 : 44172.3131422331\44180.91689715684, EMA21 : 44206.77087508932\44213.227962598256, PRICE : 44142.2
2022-02-09 19:07:26,817 Iteration Started
2022-02-09 19:07:26,819 Starting new HTTPS connection (1): api.binance.com:443
2022-02-09 19:07:27,255 https://api.binance.com:443 "GET /api/v3/klines?symbol=BTCUSDT&interval=1m&limit=100 HTTP/1.1" 200 5557
2022-02-09 19:07:27,262 EMA8 : 44172.3131422331\44180.91689715684, EMA21 : 44206.77087508932\44213.227962598256, PRICE : 44142.2
2022-02-09 19:07:27,263 Iteration Started
2022-02-09 19:07:27,268 Starting new HTTPS connection (1): api.binance.com:443
2022-02-09 19:07:27,661 https://api.binance.com:443 "GET /api/v3/klines?symbol=BTCUSDT&interval=1m&limit=100 HTTP/1.1" 200 5557
2022-02-09 19:07:27,664 EMA8 : 44172.3131422331\44180.91689715684, EMA21 : 44206.77087508932\44213.227962598256, PRICE : 44142.2
2022-02-09 19:07:27,664 Iteration Started
2022-02-09 19:07:27,666 Starting new HTTPS connection (1): api.binance.com:443
2022-02-09 19:07:27,937 https://api.binance.com:443 "GET /api/v3/klines?symbol=BTCUSDT&interval=1m&limit=100 HTTP/1.1" 200 5557
2022-02-09 19:07:27,937 EMA8 : 44172.3131422331\44180.91689715684, EMA21 : 44206.77087508932\44213.227962598256, PRICE : 44142.2
2022-02-09 19:07:27,937 Iteration Started
2022-02-09 19:07:27,937 Starting new HTTPS connection (1): api.binance.com:443
2022-02-09 19:07:28,281 https://api.binance.com:443 "GET /api/v3/klines?symbol=BTCUSDT&interval=1m&limit=100 HTTP/1.1" 200 5557
2022-02-09 19:07:28,283 EMA8 : 44172.3131422331\44180.91689715684, EMA21 : 44206.77087508932\44213.227962598256, PRICE : 44142.2
2022-02-09 19:07:28,283 Iteration Started
2022-02-09 19:07:28,285 Starting new HTTPS connection (1): api.binance.com:443
2022-02-09 19:07:28,558 https://api.binance.com:443 "GET /api/v3/klines?symbol=BTCUSDT&interval=1m&limit=100 HTTP/1.1" 200 5559
2022-02-09 19:07:28,560 EMA8 : 44172.40647556644\44180.91689715684, EMA21 : 44206.80905690751\44213.227962598256, PRICE : 44142.62
2022-02-09 19:07:28,561 Iteration Started
2022-02-09 19:07:28,563 Starting new HTTPS connection (1): api.binance.com:443
2022-02-09 19:07:28,894 https://api.binance.com:443 "GET /api/v3/klines?symbol=BTCUSDT&interval=1m&limit=100 HTTP/1.1" 200 5559
2022-02-09 19:07:28,896 EMA8 : 44172.40647556644\44180.91689715684, EMA21 : 44206.80905690751\44213.227962598256, PRICE : 44142.62
2022-02-09 19:07:28,896 Iteration Started
2022-02-09 19:07:28,898 Starting new HTTPS connection (1): api.binance.com:443
2022-02-09 19:07:29,165 https://api.binance.com:443 "GET /api/v3/klines?symbol=BTCUSDT&interval=1m&limit=100 HTTP/1.1" 200 5559
2022-02-09 19:07:29,169 EMA8 : 44172.40647556644\44180.91689715684, EMA21 : 44206.80905690751\44213.227962598256, PRICE : 44142.62
2022-02-09 19:07:29,169 Iteration Started
2022-02-09 19:07:29,169 Starting new HTTPS connection (1): api.binance.com:443
2022-02-09 19:07:29,495 https://api.binance.com:443 "GET /api/v3/klines?symbol=BTCUSDT&interval=1m&limit=100 HTTP/1.1" 200 5559
2022-02-09 19:07:29,495 EMA8 : 44172.40647556644\44180.91689715684, EMA21 : 44206.80905690751\44213.227962598256, PRICE : 44142.62
2022-02-09 19:07:29,495 Iteration Started
2022-02-09 19:07:29,510 Starting new HTTPS connection (1): api.binance.com:443
2022-02-09 19:07:29,783 https://api.binance.com:443 "GET /api/v3/klines?symbol=BTCUSDT&interval=1m&limit=100 HTTP/1.1" 200 5559
2022-02-09 19:07:29,783 EMA8 : 44172.40647556644\44180.91689715684, EMA21 : 44206.80905690751\44213.227962598256, PRICE : 44142.62
2022-02-09 19:07:29,783 Iteration Started
2022-02-09 19:07:29,783 Starting new HTTPS connection (1): api.binance.com:443
2022-02-09 19:07:30,120 https://api.binance.com:443 "GET /api/v3/klines?symbol=BTCUSDT&interval=1m&limit=100 HTTP/1.1" 200 5559
2022-02-09 19:07:30,122 EMA8 : 44172.40647556644\44180.91689715684, EMA21 : 44206.80905690751\44213.227962598256, PRICE : 44142.62
2022-02-09 19:07:30,122 Iteration Started
2022-02-09 19:07:30,124 Starting new HTTPS connection (1): api.binance.com:443
2022-02-09 19:07:30,401 https://api.binance.com:443 "GET /api/v3/klines?symbol=BTCUSDT&interval=1m&limit=100 HTTP/1.1" 200 5559
2022-02-09 19:07:30,407 EMA8 : 44172.40647556644\44180.91689715684, EMA21 : 44206.80905690751\44213.227962598256, PRICE : 44142.62
2022-02-09 19:07:30,407 Iteration Started
2022-02-09 19:07:30,412 Starting new HTTPS connection (1): api.binance.com:443
2022-02-09 19:07:30,737 https://api.binance.com:443 "GET /api/v3/klines?symbol=BTCUSDT&interval=1m&limit=100 HTTP/1.1" 200 5560
2022-02-09 19:07:30,745 EMA8 : 44171.826475566435\44180.91689715684, EMA21 : 44206.57178418023\44213.227962598256, PRICE : 44140.01
2022-02-09 19:07:30,746 Iteration Started
2022-02-09 19:07:30,750 Starting new HTTPS connection (1): api.binance.com:443
2022-02-09 19:07:31,013 https://api.binance.com:443 "GET /api/v3/klines?symbol=BTCUSDT&interval=1m&limit=100 HTTP/1.1" 200 5560
2022-02-09 19:07:31,015 EMA8 : 44171.826475566435\44180.91689715684, EMA21 : 44206.57178418023\44213.227962598256, PRICE : 44140.01
2022-02-09 19:07:31,015 Iteration Started
2022-02-09 19:07:31,017 Starting new HTTPS connection (1): api.binance.com:443
2022-02-09 19:07:31,424 https://api.binance.com:443 "GET /api/v3/klines?symbol=BTCUSDT&interval=1m&limit=100 HTTP/1.1" 200 5560
2022-02-09 19:07:31,427 EMA8 : 44171.826475566435\44180.91689715684, EMA21 : 44206.57178418023\44213.227962598256, PRICE : 44140.01
2022-02-09 19:07:31,428 Iteration Started
2022-02-09 19:07:31,430 Starting new HTTPS connection (1): api.binance.com:443
2022-02-09 19:07:31,731 https://api.binance.com:443 "GET /api/v3/klines?symbol=BTCUSDT&interval=1m&limit=100 HTTP/1.1" 200 5560
2022-02-09 19:07:31,735 EMA8 : 44171.826475566435\44180.91689715684, EMA21 : 44206.57178418023\44213.227962598256, PRICE : 44140.01
2022-02-09 19:07:31,735 Iteration Started
2022-02-09 19:07:31,738 Starting new HTTPS connection (1): api.binance.com:443
2022-02-09 19:07:32,044 https://api.binance.com:443 "GET /api/v3/klines?symbol=BTCUSDT&interval=1m&limit=100 HTTP/1.1" 200 5560
2022-02-09 19:07:32,053 EMA8 : 44171.826475566435\44180.91689715684, EMA21 : 44206.57178418023\44213.227962598256, PRICE : 44140.01
2022-02-09 19:07:32,053 Iteration Started
2022-02-09 19:07:32,058 Starting new HTTPS connection (1): api.binance.com:443
2022-02-09 19:07:32,347 https://api.binance.com:443 "GET /api/v3/klines?symbol=BTCUSDT&interval=1m&limit=100 HTTP/1.1" 200 5560
2022-02-09 19:07:32,354 EMA8 : 44171.826475566435\44180.91689715684, EMA21 : 44206.57178418023\44213.227962598256, PRICE : 44140.01
2022-02-09 19:07:32,355 Iteration Started
2022-02-09 19:07:32,360 Starting new HTTPS connection (1): api.binance.com:443
2022-02-09 19:07:32,640 https://api.binance.com:443 "GET /api/v3/klines?symbol=BTCUSDT&interval=1m&limit=100 HTTP/1.1" 200 5561
2022-02-09 19:07:32,640 EMA8 : 44172.966475566434\44180.91689715684, EMA21 : 44207.038147816595\44213.227962598256, PRICE : 44145.14
2022-02-09 19:07:32,640 Iteration Started
2022-02-09 19:07:32,655 Starting new HTTPS connection (1): api.binance.com:443
2022-02-09 19:07:32,914 https://api.binance.com:443 "GET /api/v3/klines?symbol=BTCUSDT&interval=1m&limit=100 HTTP/1.1" 200 5561
2022-02-09 19:07:32,917 EMA8 : 44172.966475566434\44180.91689715684, EMA21 : 44207.038147816595\44213.227962598256, PRICE : 44145.14
2022-02-09 19:07:32,917 Iteration Started
2022-02-09 19:07:32,919 Starting new HTTPS connection (1): api.binance.com:443
2022-02-09 19:07:33,211 https://api.binance.com:443 "GET /api/v3/klines?symbol=BTCUSDT&interval=1m&limit=100 HTTP/1.1" 200 5561
2022-02-09 19:07:33,211 EMA8 : 44172.966475566434\44180.91689715684, EMA21 : 44207.038147816595\44213.227962598256, PRICE : 44145.14
2022-02-09 19:07:33,211 Iteration Started
2022-02-09 19:07:33,227 Starting new HTTPS connection (1): api.binance.com:443
2022-02-09 19:07:33,472 https://api.binance.com:443 "GET /api/v3/klines?symbol=BTCUSDT&interval=1m&limit=100 HTTP/1.1" 200 5561
2022-02-09 19:07:33,476 EMA8 : 44172.966475566434\44180.91689715684, EMA21 : 44207.038147816595\44213.227962598256, PRICE : 44145.14
2022-02-09 19:07:33,476 Iteration Started
2022-02-09 19:07:33,479 Starting new HTTPS connection (1): api.binance.com:443
2022-02-09 19:07:34,015 https://api.binance.com:443 "GET /api/v3/klines?symbol=BTCUSDT&interval=1m&limit=100 HTTP/1.1" 200 5561
2022-02-09 19:07:34,015 EMA8 : 44172.966475566434\44180.91689715684, EMA21 : 44207.038147816595\44213.227962598256, PRICE : 44145.14
2022-02-09 19:07:34,015 Iteration Started
2022-02-09 19:07:34,031 Starting new HTTPS connection (1): api.binance.com:443
2022-02-09 19:07:34,393 https://api.binance.com:443 "GET /api/v3/klines?symbol=BTCUSDT&interval=1m&limit=100 HTTP/1.1" 200 5561
2022-02-09 19:07:34,396 EMA8 : 44172.966475566434\44180.91689715684, EMA21 : 44207.038147816595\44213.227962598256, PRICE : 44145.14
2022-02-09 19:07:34,396 Iteration Started
2022-02-09 19:07:34,398 Starting new HTTPS connection (1): api.binance.com:443
2022-02-09 19:07:34,655 https://api.binance.com:443 "GET /api/v3/klines?symbol=BTCUSDT&interval=1m&limit=100 HTTP/1.1" 200 5558
2022-02-09 19:07:34,659 EMA8 : 44173.488697788656\44180.91689715684, EMA21 : 44207.25178418023\44213.227962598256, PRICE : 44147.49
2022-02-09 19:07:34,659 Iteration Started
2022-02-09 19:07:34,662 Starting new HTTPS connection (1): api.binance.com:443
2022-02-09 19:07:34,959 https://api.binance.com:443 "GET /api/v3/klines?symbol=BTCUSDT&interval=1m&limit=100 HTTP/1.1" 200 5558
2022-02-09 19:07:34,967 EMA8 : 44173.488697788656\44180.91689715684, EMA21 : 44207.25178418023\44213.227962598256, PRICE : 44147.49
2022-02-09 19:07:34,967 Iteration Started
2022-02-09 19:07:34,972 Starting new HTTPS connection (1): api.binance.com:443
2022-02-09 19:07:35,307 https://api.binance.com:443 "GET /api/v3/klines?symbol=BTCUSDT&interval=1m&limit=100 HTTP/1.1" 200 5558
2022-02-09 19:07:35,307 EMA8 : 44173.488697788656\44180.91689715684, EMA21 : 44207.25178418023\44213.227962598256, PRICE : 44147.49
2022-02-09 19:07:35,307 Iteration Started
2022-02-09 19:07:35,307 Starting new HTTPS connection (1): api.binance.com:443
2022-02-09 19:07:35,522 https://api.binance.com:443 "GET /api/v3/klines?symbol=BTCUSDT&interval=1m&limit=100 HTTP/1.1" 200 5558
2022-02-09 19:07:35,522 EMA8 : 44173.488697788656\44180.91689715684, EMA21 : 44207.25178418023\44213.227962598256, PRICE : 44147.49
2022-02-09 19:07:35,522 Iteration Started
2022-02-09 19:07:35,522 Starting new HTTPS connection (1): api.binance.com:443
2022-02-09 19:07:35,823 https://api.binance.com:443 "GET /api/v3/klines?symbol=BTCUSDT&interval=1m&limit=100 HTTP/1.1" 200 5558
2022-02-09 19:07:35,823 EMA8 : 44173.488697788656\44180.91689715684, EMA21 : 44207.25178418023\44213.227962598256, PRICE : 44147.49
2022-02-09 19:07:35,823 Iteration Started
2022-02-09 19:07:35,823 Starting new HTTPS connection (1): api.binance.com:443
2022-02-09 19:07:36,130 https://api.binance.com:443 "GET /api/v3/klines?symbol=BTCUSDT&interval=1m&limit=100 HTTP/1.1" 200 5558
2022-02-09 19:07:36,130 EMA8 : 44173.488697788656\44180.91689715684, EMA21 : 44207.25178418023\44213.227962598256, PRICE : 44147.49
2022-02-09 19:07:36,130 Iteration Started
2022-02-09 19:07:36,130 Starting new HTTPS connection (1): api.binance.com:443
2022-02-09 19:07:36,428 https://api.binance.com:443 "GET /api/v3/klines?symbol=BTCUSDT&interval=1m&limit=100 HTTP/1.1" 200 5558
2022-02-09 19:07:36,443 EMA8 : 44173.488697788656\44180.91689715684, EMA21 : 44207.25178418023\44213.227962598256, PRICE : 44147.49
2022-02-09 19:07:36,443 Iteration Started
2022-02-09 19:07:36,443 Starting new HTTPS connection (1): api.binance.com:443
2022-02-09 19:07:36,692 https://api.binance.com:443 "GET /api/v3/klines?symbol=BTCUSDT&interval=1m&limit=100 HTTP/1.1" 200 5558
2022-02-09 19:07:36,708 EMA8 : 44172.5731422331\44180.91689715684, EMA21 : 44206.87723872569\44213.227962598256, PRICE : 44143.37
2022-02-09 19:07:36,708 Iteration Started
2022-02-09 19:07:36,708 Starting new HTTPS connection (1): api.binance.com:443
2022-02-09 19:07:37,056 https://api.binance.com:443 "GET /api/v3/klines?symbol=BTCUSDT&interval=1m&limit=100 HTTP/1.1" 200 5558
2022-02-09 19:07:37,059 EMA8 : 44172.5731422331\44180.91689715684, EMA21 : 44206.87723872569\44213.227962598256, PRICE : 44143.37
2022-02-09 19:07:37,059 Iteration Started
2022-02-09 19:07:37,062 Starting new HTTPS connection (1): api.binance.com:443
2022-02-09 19:07:37,368 https://api.binance.com:443 "GET /api/v3/klines?symbol=BTCUSDT&interval=1m&limit=100 HTTP/1.1" 200 5558
2022-02-09 19:07:37,368 EMA8 : 44172.5731422331\44180.91689715684, EMA21 : 44206.87723872569\44213.227962598256, PRICE : 44143.37
2022-02-09 19:07:37,368 Iteration Started
2022-02-09 19:07:37,368 Starting new HTTPS connection (1): api.binance.com:443
2022-02-09 19:07:37,696 https://api.binance.com:443 "GET /api/v3/klines?symbol=BTCUSDT&interval=1m&limit=100 HTTP/1.1" 200 5558
2022-02-09 19:07:37,716 EMA8 : 44172.5731422331\44180.91689715684, EMA21 : 44206.87723872569\44213.227962598256, PRICE : 44143.37
2022-02-09 19:07:37,716 Iteration Started
2022-02-09 19:07:37,722 Starting new HTTPS connection (1): api.binance.com:443
2022-02-09 19:07:38,082 https://api.binance.com:443 "GET /api/v3/klines?symbol=BTCUSDT&interval=1m&limit=100 HTTP/1.1" 200 5558
2022-02-09 19:07:38,082 EMA8 : 44172.5731422331\44180.91689715684, EMA21 : 44206.87723872569\44213.227962598256, PRICE : 44143.37
2022-02-09 19:07:38,082 Iteration Started
2022-02-09 19:07:38,082 Starting new HTTPS connection (1): api.binance.com:443
2022-02-09 19:07:38,583 https://api.binance.com:443 "GET /api/v3/klines?symbol=BTCUSDT&interval=1m&limit=100 HTTP/1.1" 200 5558
2022-02-09 19:07:38,583 EMA8 : 44172.5731422331\44180.91689715684, EMA21 : 44206.87723872569\44213.227962598256, PRICE : 44143.37
2022-02-09 19:07:38,583 Iteration Started
2022-02-09 19:07:38,583 Starting new HTTPS connection (1): api.binance.com:443
2022-02-09 19:07:38,851 https://api.binance.com:443 "GET /api/v3/klines?symbol=BTCUSDT&interval=1m&limit=100 HTTP/1.1" 200 5560
2022-02-09 19:07:38,854 EMA8 : 44172.5731422331\44180.91689715684, EMA21 : 44206.87723872569\44213.227962598256, PRICE : 44143.37
2022-02-09 19:07:38,854 Iteration Started
2022-02-09 19:07:38,856 Starting new HTTPS connection (1): api.binance.com:443
2022-02-09 19:07:39,118 https://api.binance.com:443 "GET /api/v3/klines?symbol=BTCUSDT&interval=1m&limit=100 HTTP/1.1" 200 5560
2022-02-09 19:07:39,124 EMA8 : 44172.5731422331\44180.91689715684, EMA21 : 44206.87723872569\44213.227962598256, PRICE : 44143.37
2022-02-09 19:07:39,124 Iteration Started
2022-02-09 19:07:39,129 Starting new HTTPS connection (1): api.binance.com:443
2022-02-09 19:07:39,412 https://api.binance.com:443 "GET /api/v3/klines?symbol=BTCUSDT&interval=1m&limit=100 HTTP/1.1" 200 5560
2022-02-09 19:07:39,420 EMA8 : 44172.5731422331\44180.91689715684, EMA21 : 44206.87723872569\44213.227962598256, PRICE : 44143.37
2022-02-09 19:07:39,420 Iteration Started
2022-02-09 19:07:39,425 Starting new HTTPS connection (1): api.binance.com:443
2022-02-09 19:07:39,684 https://api.binance.com:443 "GET /api/v3/klines?symbol=BTCUSDT&interval=1m&limit=100 HTTP/1.1" 200 5560
2022-02-09 19:07:39,688 EMA8 : 44172.5731422331\44180.91689715684, EMA21 : 44206.87723872569\44213.227962598256, PRICE : 44143.37
2022-02-09 19:07:39,688 Iteration Started
2022-02-09 19:07:39,689 Starting new HTTPS connection (1): api.binance.com:443
2022-02-09 19:07:40,438 https://api.binance.com:443 "GET /api/v3/klines?symbol=BTCUSDT&interval=1m&limit=100 HTTP/1.1" 200 5560
2022-02-09 19:07:40,438 EMA8 : 44172.5731422331\44180.91689715684, EMA21 : 44206.87723872569\44213.227962598256, PRICE : 44143.37
2022-02-09 19:07:40,438 Iteration Started
2022-02-09 19:07:40,438 Starting new HTTPS connection (1): api.binance.com:443
2022-02-09 19:07:40,645 https://api.binance.com:443 "GET /api/v3/klines?symbol=BTCUSDT&interval=1m&limit=100 HTTP/1.1" 200 5558
2022-02-09 19:07:40,645 EMA8 : 44172.41092001088\44180.91689715684, EMA21 : 44206.81087508932\44213.227962598256, PRICE : 44142.64
2022-02-09 19:07:40,645 Iteration Started
2022-02-09 19:07:40,645 Starting new HTTPS connection (1): api.binance.com:443
2022-02-09 19:07:40,938 https://api.binance.com:443 "GET /api/v3/klines?symbol=BTCUSDT&interval=1m&limit=100 HTTP/1.1" 200 5558
2022-02-09 19:07:40,938 EMA8 : 44172.41092001088\44180.91689715684, EMA21 : 44206.81087508932\44213.227962598256, PRICE : 44142.64
2022-02-09 19:07:40,938 Iteration Started
2022-02-09 19:07:40,953 Starting new HTTPS connection (1): api.binance.com:443
2022-02-09 19:07:41,237 https://api.binance.com:443 "GET /api/v3/klines?symbol=BTCUSDT&interval=1m&limit=100 HTTP/1.1" 200 5558
2022-02-09 19:07:41,253 EMA8 : 44172.41092001088\44180.91689715684, EMA21 : 44206.81087508932\44213.227962598256, PRICE : 44142.64
2022-02-09 19:07:41,253 Iteration Started
2022-02-09 19:07:41,253 Starting new HTTPS connection (1): api.binance.com:443
2022-02-09 19:07:41,458 https://api.binance.com:443 "GET /api/v3/klines?symbol=BTCUSDT&interval=1m&limit=100 HTTP/1.1" 200 5558
2022-02-09 19:07:41,458 EMA8 : 44172.41092001088\44180.91689715684, EMA21 : 44206.81087508932\44213.227962598256, PRICE : 44142.64
2022-02-09 19:07:41,458 Iteration Started
2022-02-09 19:07:41,473 Starting new HTTPS connection (1): api.binance.com:443
2022-02-09 19:07:41,722 https://api.binance.com:443 "GET /api/v3/klines?symbol=BTCUSDT&interval=1m&limit=100 HTTP/1.1" 200 5558
2022-02-09 19:07:41,727 EMA8 : 44172.41092001088\44180.91689715684, EMA21 : 44206.81087508932\44213.227962598256, PRICE : 44142.64
2022-02-09 19:07:41,728 Iteration Started
2022-02-09 19:07:41,731 Starting new HTTPS connection (1): api.binance.com:443
2022-02-09 19:07:42,337 https://api.binance.com:443 "GET /api/v3/klines?symbol=BTCUSDT&interval=1m&limit=100 HTTP/1.1" 200 5558
2022-02-09 19:07:42,339 EMA8 : 44172.41092001088\44180.91689715684, EMA21 : 44206.81087508932\44213.227962598256, PRICE : 44142.64
2022-02-09 19:07:42,339 Iteration Started
2022-02-09 19:07:42,340 Starting new HTTPS connection (1): api.binance.com:443
2022-02-09 19:07:42,592 https://api.binance.com:443 "GET /api/v3/klines?symbol=BTCUSDT&interval=1m&limit=100 HTTP/1.1" 200 5560
2022-02-09 19:07:42,592 EMA8 : 44171.826475566435\44180.91689715684, EMA21 : 44206.57178418023\44213.227962598256, PRICE : 44140.01
2022-02-09 19:07:42,592 Iteration Started
2022-02-09 19:07:42,592 Starting new HTTPS connection (1): api.binance.com:443
2022-02-09 19:07:42,881 https://api.binance.com:443 "GET /api/v3/klines?symbol=BTCUSDT&interval=1m&limit=100 HTTP/1.1" 200 5560
2022-02-09 19:07:42,883 EMA8 : 44171.826475566435\44180.91689715684, EMA21 : 44206.57178418023\44213.227962598256, PRICE : 44140.01
2022-02-09 19:07:42,883 Iteration Started
2022-02-09 19:07:42,885 Starting new HTTPS connection (1): api.binance.com:443
2022-02-09 19:07:43,105 https://api.binance.com:443 "GET /api/v3/klines?symbol=BTCUSDT&interval=1m&limit=100 HTTP/1.1" 200 5560
2022-02-09 19:07:43,119 EMA8 : 44171.826475566435\44180.91689715684, EMA21 : 44206.57178418023\44213.227962598256, PRICE : 44140.01
2022-02-09 19:07:43,119 Iteration Started
2022-02-09 19:07:43,121 Starting new HTTPS connection (1): api.binance.com:443
2022-02-09 19:07:43,393 https://api.binance.com:443 "GET /api/v3/klines?symbol=BTCUSDT&interval=1m&limit=100 HTTP/1.1" 200 5560
2022-02-09 19:07:43,393 EMA8 : 44171.826475566435\44180.91689715684, EMA21 : 44206.57178418023\44213.227962598256, PRICE : 44140.01
2022-02-09 19:07:43,393 Iteration Started
2022-02-09 19:07:43,393 Starting new HTTPS connection (1): api.binance.com:443
2022-02-09 19:07:43,806 https://api.binance.com:443 "GET /api/v3/klines?symbol=BTCUSDT&interval=1m&limit=100 HTTP/1.1" 200 5560
2022-02-09 19:07:43,806 EMA8 : 44171.826475566435\44180.91689715684, EMA21 : 44206.57178418023\44213.227962598256, PRICE : 44140.01
2022-02-09 19:07:43,806 Iteration Started
2022-02-09 19:07:43,823 Starting new HTTPS connection (1): api.binance.com:443
2022-02-09 19:07:44,058 https://api.binance.com:443 "GET /api/v3/klines?symbol=BTCUSDT&interval=1m&limit=100 HTTP/1.1" 200 5560
2022-02-09 19:07:44,058 EMA8 : 44171.826475566435\44180.91689715684, EMA21 : 44206.57178418023\44213.227962598256, PRICE : 44140.01
2022-02-09 19:07:44,058 Iteration Started
2022-02-09 19:07:44,058 Starting new HTTPS connection (1): api.binance.com:443
2022-02-09 19:07:44,319 https://api.binance.com:443 "GET /api/v3/klines?symbol=BTCUSDT&interval=1m&limit=100 HTTP/1.1" 200 5560
2022-02-09 19:07:44,322 EMA8 : 44171.826475566435\44180.91689715684, EMA21 : 44206.57178418023\44213.227962598256, PRICE : 44140.01
2022-02-09 19:07:44,322 Iteration Started
2022-02-09 19:07:44,324 Starting new HTTPS connection (1): api.binance.com:443
2022-02-09 19:07:44,873 https://api.binance.com:443 "GET /api/v3/klines?symbol=BTCUSDT&interval=1m&limit=100 HTTP/1.1" 200 5559
2022-02-09 19:07:44,873 EMA8 : 44171.09536445532\44180.91689715684, EMA21 : 44206.272693271145\44213.227962598256, PRICE : 44136.72
2022-02-09 19:07:44,873 Iteration Started
2022-02-09 19:07:44,873 Starting new HTTPS connection (1): api.binance.com:443
2022-02-09 19:07:45,146 https://api.binance.com:443 "GET /api/v3/klines?symbol=BTCUSDT&interval=1m&limit=100 HTTP/1.1" 200 5559
2022-02-09 19:07:45,148 EMA8 : 44171.09536445532\44180.91689715684, EMA21 : 44206.272693271145\44213.227962598256, PRICE : 44136.72
2022-02-09 19:07:45,148 Iteration Started
2022-02-09 19:07:45,150 Starting new HTTPS connection (1): api.binance.com:443
2022-02-09 19:07:45,396 https://api.binance.com:443 "GET /api/v3/klines?symbol=BTCUSDT&interval=1m&limit=100 HTTP/1.1" 200 5559
2022-02-09 19:07:45,403 EMA8 : 44171.09536445532\44180.91689715684, EMA21 : 44206.272693271145\44213.227962598256, PRICE : 44136.72
2022-02-09 19:07:45,403 Iteration Started
2022-02-09 19:07:45,408 Starting new HTTPS connection (1): api.binance.com:443
2022-02-09 19:07:45,656 https://api.binance.com:443 "GET /api/v3/klines?symbol=BTCUSDT&interval=1m&limit=100 HTTP/1.1" 200 5559
2022-02-09 19:07:45,656 EMA8 : 44171.09536445532\44180.91689715684, EMA21 : 44206.272693271145\44213.227962598256, PRICE : 44136.72
2022-02-09 19:07:45,656 Iteration Started
2022-02-09 19:07:45,656 Starting new HTTPS connection (1): api.binance.com:443
2022-02-09 19:07:45,958 https://api.binance.com:443 "GET /api/v3/klines?symbol=BTCUSDT&interval=1m&limit=100 HTTP/1.1" 200 5559
2022-02-09 19:07:45,958 EMA8 : 44171.09536445532\44180.91689715684, EMA21 : 44206.272693271145\44213.227962598256, PRICE : 44136.72
2022-02-09 19:07:45,958 Iteration Started
2022-02-09 19:07:45,958 Starting new HTTPS connection (1): api.binance.com:443
2022-02-09 19:07:46,221 https://api.binance.com:443 "GET /api/v3/klines?symbol=BTCUSDT&interval=1m&limit=100 HTTP/1.1" 200 5559
2022-02-09 19:07:46,221 EMA8 : 44171.09536445532\44180.91689715684, EMA21 : 44206.272693271145\44213.227962598256, PRICE : 44136.72
2022-02-09 19:07:46,221 Iteration Started
2022-02-09 19:07:46,236 Starting new HTTPS connection (1): api.binance.com:443
2022-02-09 19:07:46,515 https://api.binance.com:443 "GET /api/v3/klines?symbol=BTCUSDT&interval=1m&limit=100 HTTP/1.1" 200 5558
2022-02-09 19:07:46,531 EMA8 : 44172.088697788655\44180.91689715684, EMA21 : 44206.6790569075\44213.227962598256, PRICE : 44141.19
2022-02-09 19:07:46,531 Iteration Started
2022-02-09 19:07:46,531 Starting new HTTPS connection (1): api.binance.com:443
2022-02-09 19:07:46,787 https://api.binance.com:443 "GET /api/v3/klines?symbol=BTCUSDT&interval=1m&limit=100 HTTP/1.1" 200 5558
2022-02-09 19:07:46,802 EMA8 : 44172.088697788655\44180.91689715684, EMA21 : 44206.6790569075\44213.227962598256, PRICE : 44141.19
2022-02-09 19:07:46,802 Iteration Started
2022-02-09 19:07:46,802 Starting new HTTPS connection (1): api.binance.com:443
2022-02-09 19:07:47,085 https://api.binance.com:443 "GET /api/v3/klines?symbol=BTCUSDT&interval=1m&limit=100 HTTP/1.1" 200 5558
2022-02-09 19:07:47,085 EMA8 : 44172.088697788655\44180.91689715684, EMA21 : 44206.6790569075\44213.227962598256, PRICE : 44141.19
2022-02-09 19:07:47,085 Iteration Started
2022-02-09 19:07:47,085 Starting new HTTPS connection (1): api.binance.com:443
2022-02-09 19:07:47,285 https://api.binance.com:443 "GET /api/v3/klines?symbol=BTCUSDT&interval=1m&limit=100 HTTP/1.1" 200 5558
2022-02-09 19:07:47,285 EMA8 : 44172.088697788655\44180.91689715684, EMA21 : 44206.6790569075\44213.227962598256, PRICE : 44141.19
2022-02-09 19:07:47,285 Iteration Started
2022-02-09 19:07:47,301 Starting new HTTPS connection (1): api.binance.com:443
2022-02-09 19:07:47,495 https://api.binance.com:443 "GET /api/v3/klines?symbol=BTCUSDT&interval=1m&limit=100 HTTP/1.1" 200 5558
2022-02-09 19:07:47,495 EMA8 : 44172.088697788655\44180.91689715684, EMA21 : 44206.6790569075\44213.227962598256, PRICE : 44141.19
2022-02-09 19:07:47,495 Iteration Started
2022-02-09 19:07:47,495 Starting new HTTPS connection (1): api.binance.com:443
2022-02-09 19:07:47,803 https://api.binance.com:443 "GET /api/v3/klines?symbol=BTCUSDT&interval=1m&limit=100 HTTP/1.1" 200 5558
2022-02-09 19:07:47,803 EMA8 : 44172.088697788655\44180.91689715684, EMA21 : 44206.6790569075\44213.227962598256, PRICE : 44141.19
2022-02-09 19:07:47,803 Iteration Started
2022-02-09 19:07:47,803 Starting new HTTPS connection (1): api.binance.com:443
2022-02-09 19:07:48,335 https://api.binance.com:443 "GET /api/v3/klines?symbol=BTCUSDT&interval=1m&limit=100 HTTP/1.1" 200 5558
2022-02-09 19:07:48,350 EMA8 : 44172.088697788655\44180.91689715684, EMA21 : 44206.6790569075\44213.227962598256, PRICE : 44141.19
2022-02-09 19:07:48,350 Iteration Started
2022-02-09 19:07:48,350 Starting new HTTPS connection (1): api.binance.com:443
2022-02-09 19:07:48,618 https://api.binance.com:443 "GET /api/v3/klines?symbol=BTCUSDT&interval=1m&limit=100 HTTP/1.1" 200 5559
2022-02-09 19:07:48,618 EMA8 : 44171.82425334421\44180.91689715684, EMA21 : 44206.570875089325\44213.227962598256, PRICE : 44140.0
2022-02-09 19:07:48,618 Iteration Started
2022-02-09 19:07:48,634 Starting new HTTPS connection (1): api.binance.com:443
2022-02-09 19:07:48,836 https://api.binance.com:443 "GET /api/v3/klines?symbol=BTCUSDT&interval=1m&limit=100 HTTP/1.1" 200 5559
2022-02-09 19:07:48,836 EMA8 : 44171.82425334421\44180.91689715684, EMA21 : 44206.570875089325\44213.227962598256, PRICE : 44140.0
2022-02-09 19:07:48,836 Iteration Started
2022-02-09 19:07:48,836 Starting new HTTPS connection (1): api.binance.com:443
2022-02-09 19:07:49,369 https://api.binance.com:443 "GET /api/v3/klines?symbol=BTCUSDT&interval=1m&limit=100 HTTP/1.1" 200 5559
2022-02-09 19:07:49,384 EMA8 : 44171.82425334421\44180.91689715684, EMA21 : 44206.570875089325\44213.227962598256, PRICE : 44140.0
2022-02-09 19:07:49,384 Iteration Started
2022-02-09 19:07:49,384 Starting new HTTPS connection (1): api.binance.com:443
2022-02-09 19:07:49,650 https://api.binance.com:443 "GET /api/v3/klines?symbol=BTCUSDT&interval=1m&limit=100 HTTP/1.1" 200 5559
2022-02-09 19:07:49,650 EMA8 : 44171.82425334421\44180.91689715684, EMA21 : 44206.570875089325\44213.227962598256, PRICE : 44140.0
2022-02-09 19:07:49,650 Iteration Started
2022-02-09 19:07:49,650 Starting new HTTPS connection (1): api.binance.com:443
2022-02-09 19:07:49,949 https://api.binance.com:443 "GET /api/v3/klines?symbol=BTCUSDT&interval=1m&limit=100 HTTP/1.1" 200 5559
2022-02-09 19:07:49,949 EMA8 : 44171.82425334421\44180.91689715684, EMA21 : 44206.570875089325\44213.227962598256, PRICE : 44140.0
2022-02-09 19:07:49,949 Iteration Started
2022-02-09 19:07:49,964 Starting new HTTPS connection (1): api.binance.com:443
